Build started 2/18/2015 2:46:08 AM.
     1>Project "C:\Users\Chris\Documents\Visual Studio 2012\Projects\Lab4outP1\Lab4outP1\Lab4outP1.vcxproj" on node 2 (Rebuild target(s)).
     1>ClCompile:
         C:\Program Files (x86)\Microsoft Visual Studio 10.0\VC\bin\CL.exe /c /ZI /nologo /W3 /WX- /Od /Oy- /D WIN32 /D _DEBUG /D _CONSOLE /D _CRT_SECURE_NO_WARNINGS /D _UNICODE /D UNICODE /Gm /EHsc /RTC1 /MDd /GS /fp:precise /Zc:wchar_t /Zc:forScope /Fo"Debug\\" /Fd"Debug\vc100.pdb" /Gd /TP /analyze- /errorReport:prompt lab4outp1.cpp
         lab4outp1.cpp
       ManifestResourceCompile:
         C:\Program Files (x86)\Microsoft SDKs\Windows\v7.0A\bin\rc.exe /nologo /fo"Debug\Lab4outP1.exe.embed.manifest.res" Debug\Lab4outP1_manifest.rc 
       Link:
         C:\Program Files (x86)\Microsoft Visual Studio 10.0\VC\bin\link.exe /ERRORREPORT:PROMPT /OUT:"C:\Users\Chris\Documents\Visual Studio 2012\Projects\Lab4outP1\Debug\Lab4outP1.exe" /INCREMENTAL /NOLOGO kernel32.lib user32.lib gdi32.lib winspool.lib comdlg32.lib advapi32.lib shell32.lib ole32.lib oleaut32.lib uuid.lib odbc32.lib odbccp32.lib /MANIFEST /ManifestFile:"Debug\Lab4outP1.exe.intermediate.manifest" /MANIFESTUAC:"level='asInvoker' uiAccess='false'" /DEBUG /PDB:"C:\Users\Chris\Documents\Visual Studio 2012\Projects\Lab4outP1\Debug\Lab4outP1.pdb" /SUBSYSTEM:CONSOLE /TLBID:1 /DYNAMICBASE /NXCOMPAT /IMPLIB:"C:\Users\Chris\Documents\Visual Studio 2012\Projects\Lab4outP1\Debug\Lab4outP1.lib" /MACHINE:X86 Debug\Lab4outP1.exe.embed.manifest.res
         Debug\lab4outp1.obj
         graphLib2010.lib
     1>graphLib2010.lib(BMPLoader.obj) : warning LNK4099: PDB 'vc100.pdb' was not found with 'graphLib2010.lib(BMPLoader.obj)' or at 'C:\Users\Chris\Documents\Visual Studio 2012\Projects\Lab4outP1\Debug\vc100.pdb'; linking object as if no debug info
     1>graphLib2010.lib(example2.obj) : warning LNK4099: PDB 'vc100.pdb' was not found with 'graphLib2010.lib(example2.obj)' or at 'C:\Users\Chris\Documents\Visual Studio 2012\Projects\Lab4outP1\Debug\vc100.pdb'; linking object as if no debug info
     1>graphLib2010.lib(loadPng.obj) : warning LNK4099: PDB 'vc100.pdb' was not found with 'graphLib2010.lib(loadPng.obj)' or at 'C:\Users\Chris\Documents\Visual Studio 2012\Projects\Lab4outP1\Debug\vc100.pdb'; linking object as if no debug info
       Manifest:
         C:\Program Files (x86)\Microsoft SDKs\Windows\v7.0A\bin\mt.exe /nologo /verbose /out:"Debug\Lab4outP1.exe.embed.manifest" /manifest Debug\Lab4outP1.exe.intermediate.manifest
         C:\Program Files (x86)\Microsoft SDKs\Windows\v7.0A\bin\rc.exe /nologo /fo"Debug\Lab4outP1.exe.embed.manifest.res" Debug\Lab4outP1_manifest.rc 
       LinkEmbedManifest:
         C:\Program Files (x86)\Microsoft Visual Studio 10.0\VC\bin\link.exe /ERRORREPORT:PROMPT /OUT:"C:\Users\Chris\Documents\Visual Studio 2012\Projects\Lab4outP1\Debug\Lab4outP1.exe" /INCREMENTAL /NOLOGO kernel32.lib user32.lib gdi32.lib winspool.lib comdlg32.lib advapi32.lib shell32.lib ole32.lib oleaut32.lib uuid.lib odbc32.lib odbccp32.lib /MANIFEST /ManifestFile:"Debug\Lab4outP1.exe.intermediate.manifest" /MANIFESTUAC:"level='asInvoker' uiAccess='false'" /DEBUG /PDB:"C:\Users\Chris\Documents\Visual Studio 2012\Projects\Lab4outP1\Debug\Lab4outP1.pdb" /SUBSYSTEM:CONSOLE /TLBID:1 /DYNAMICBASE /NXCOMPAT /IMPLIB:"C:\Users\Chris\Documents\Visual Studio 2012\Projects\Lab4outP1\Debug\Lab4outP1.lib" /MACHINE:X86 Debug\Lab4outP1.exe.embed.manifest.res
         Debug\lab4outp1.obj
         graphLib2010.lib
     1>graphLib2010.lib(BMPLoader.obj) : warning LNK4099: PDB 'vc100.pdb' was not found with 'graphLib2010.lib(BMPLoader.obj)' or at 'C:\Users\Chris\Documents\Visual Studio 2012\Projects\Lab4outP1\Debug\vc100.pdb'; linking object as if no debug info
     1>graphLib2010.lib(example2.obj) : warning LNK4099: PDB 'vc100.pdb' was not found with 'graphLib2010.lib(example2.obj)' or at 'C:\Users\Chris\Documents\Visual Studio 2012\Projects\Lab4outP1\Debug\vc100.pdb'; linking object as if no debug info
     1>graphLib2010.lib(loadPng.obj) : warning LNK4099: PDB 'vc100.pdb' was not found with 'graphLib2010.lib(loadPng.obj)' or at 'C:\Users\Chris\Documents\Visual Studio 2012\Projects\Lab4outP1\Debug\vc100.pdb'; linking object as if no debug info
         Lab4outP1.vcxproj -> C:\Users\Chris\Documents\Visual Studio 2012\Projects\Lab4outP1\Debug\Lab4outP1.exe
     1>Done Building Project "C:\Users\Chris\Documents\Visual Studio 2012\Projects\Lab4outP1\Lab4outP1\Lab4outP1.vcxproj" (Rebuild target(s)).

Build succeeded.

Time Elapsed 00:00:00.94
