C:\USERS\CHRIS\DOCUMENTS\VISUAL STUDIO 2012\PROJECTS\LAB4OUTP1\LAB4OUTP1\DEBUG\LAB4OUTP1.OBJ
C:\USERS\CHRIS\DOCUMENTS\VISUAL STUDIO 2012\PROJECTS\LAB4OUTP1\LAB4OUTP1\DEBUG\VC100.PDB
C:\USERS\CHRIS\DOCUMENTS\VISUAL STUDIO 2012\PROJECTS\LAB4OUTP1\DEBUG\LAB4OUTP1.ILK
C:\USERS\CHRIS\DOCUMENTS\VISUAL STUDIO 2012\PROJECTS\LAB4OUTP1\DEBUG\LAB4OUTP1.EXE
C:\USERS\CHRIS\DOCUMENTS\VISUAL STUDIO 2012\PROJECTS\LAB4OUTP1\LAB4OUTP1\DEBUG\LAB4OUTP1.EXE.INTERMEDIATE.MANIFEST
C:\USERS\CHRIS\DOCUMENTS\VISUAL STUDIO 2012\PROJECTS\LAB4OUTP1\DEBUG\LAB4OUTP1.PDB
C:\USERS\CHRIS\DOCUMENTS\VISUAL STUDIO 2012\PROJECTS\LAB4OUTP1\LAB4OUTP1\DEBUG\LAB4OUTP1.EXE.EMBED.MANIFEST
C:\USERS\CHRIS\DOCUMENTS\VISUAL STUDIO 2012\PROJECTS\LAB4OUTP1\LAB4OUTP1\DEBUG\LAB4OUTP1.EXE.EMBED.MANIFEST.RES
C:\Users\Chris\Documents\Visual Studio 2012\Projects\Lab4outP1\Lab4outP1\Debug\lab4outp1.obj
C:\Users\Chris\Documents\Visual Studio 2012\Projects\Lab4outP1\Lab4outP1\Debug\cl.command.1.tlog
C:\Users\Chris\Documents\Visual Studio 2012\Projects\Lab4outP1\Lab4outP1\Debug\CL.read.1.tlog
C:\Users\Chris\Documents\Visual Studio 2012\Projects\Lab4outP1\Lab4outP1\Debug\CL.write.1.tlog
C:\Users\Chris\Documents\Visual Studio 2012\Projects\Lab4outP1\Lab4outP1\Debug\link-cvtres.read.1.tlog
C:\Users\Chris\Documents\Visual Studio 2012\Projects\Lab4outP1\Lab4outP1\Debug\link-cvtres.write.1.tlog
C:\Users\Chris\Documents\Visual Studio 2012\Projects\Lab4outP1\Lab4outP1\Debug\link.6068-cvtres.read.1.tlog
C:\Users\Chris\Documents\Visual Studio 2012\Projects\Lab4outP1\Lab4outP1\Debug\link.6068-cvtres.write.1.tlog
C:\Users\Chris\Documents\Visual Studio 2012\Projects\Lab4outP1\Lab4outP1\Debug\link.6068.read.1.tlog
C:\Users\Chris\Documents\Visual Studio 2012\Projects\Lab4outP1\Lab4outP1\Debug\link.6068.read.2.tlog
C:\Users\Chris\Documents\Visual Studio 2012\Projects\Lab4outP1\Lab4outP1\Debug\link.6068.write.1.tlog
C:\Users\Chris\Documents\Visual Studio 2012\Projects\Lab4outP1\Lab4outP1\Debug\link.command.1.tlog
C:\Users\Chris\Documents\Visual Studio 2012\Projects\Lab4outP1\Lab4outP1\Debug\link.read.1.tlog
C:\Users\Chris\Documents\Visual Studio 2012\Projects\Lab4outP1\Lab4outP1\Debug\link.read.2.tlog
C:\Users\Chris\Documents\Visual Studio 2012\Projects\Lab4outP1\Lab4outP1\Debug\link.write.1.tlog
C:\Users\Chris\Documents\Visual Studio 2012\Projects\Lab4outP1\Lab4outP1\Debug\mt.command.1.tlog
C:\Users\Chris\Documents\Visual Studio 2012\Projects\Lab4outP1\Lab4outP1\Debug\mt.read.1.tlog
C:\Users\Chris\Documents\Visual Studio 2012\Projects\Lab4outP1\Lab4outP1\Debug\mt.write.1.tlog
C:\Users\Chris\Documents\Visual Studio 2012\Projects\Lab4outP1\Lab4outP1\Debug\rc.command.1.tlog
C:\Users\Chris\Documents\Visual Studio 2012\Projects\Lab4outP1\Lab4outP1\Debug\rc.read.1.tlog
C:\Users\Chris\Documents\Visual Studio 2012\Projects\Lab4outP1\Lab4outP1\Debug\rc.write.1.tlog
C:\Users\Chris\Documents\Visual Studio 2012\Projects\Lab4outP1\Lab4outP1\Debug\Lab4outP1.exe.embed.manifest
C:\Users\Chris\Documents\Visual Studio 2012\Projects\Lab4outP1\Lab4outP1\Debug\Lab4outP1.exe.intermediate.manifest
C:\Users\Chris\Documents\Visual Studio 2012\Projects\Lab4outP1\Lab4outP1\Debug\Lab4outP1.exe.embed.manifest.res
C:\Users\Chris\Documents\Visual Studio 2012\Projects\Lab4outP1\Lab4outP1\Debug\vc100.idb
C:\Users\Chris\Documents\Visual Studio 2012\Projects\Lab4outP1\Lab4outP1\Debug\vc100.pdb
C:\Users\Chris\Documents\Visual Studio 2012\Projects\Lab4outP1\Lab4outP1\Debug\Lab4outP1_manifest.rc
C:\Users\Chris\Documents\Visual Studio 2012\Projects\Lab4outP1\Debug\Lab4outP1.pdb
C:\Users\Chris\Documents\Visual Studio 2012\Projects\Lab4outP1\Debug\Lab4outP1.exe
C:\Users\Chris\Documents\Visual Studio 2012\Projects\Lab4outP1\Debug\Lab4outP1.ilk
